Requirement already satisfied: gradio in /home/jules/.pyenv/versions/3.12.12/lib/python3.12/site-packages (6.2.0)
Requirement already satisfied: numpy in /home/jules/.pyenv/versions/3.12.12/lib/python3.12/site-packages (2.2.6)
Requirement already satisfied: opencv-python-headless in /home/jules/.pyenv/versions/3.12.12/lib/python3.12/site-packages (4.12.0.88)
Requirement already satisfied: onnx in /home/jules/.pyenv/versions/3.12.12/lib/python3.12/site-packages (1.20.0)
Requirement already satisfied: onnxruntime-gpu in /home/jules/.pyenv/versions/3.12.12/lib/python3.12/site-packages (1.23.2)
Requirement already satisfied: torch in /home/jules/.pyenv/versions/3.12.12/lib/python3.12/site-packages (2.9.1)
Requirement already satisfied: torchvision in /home/jules/.pyenv/versions/3.12.12/lib/python3.12/site-packages (0.24.1)
Requirement already satisfied: Pillow in /home/jules/.pyenv/versions/3.12.12/lib/python3.12/site-packages (12.0.0)
Requirement already satisfied: tqdm in /home/jules/.pyenv/versions/3.12.12/lib/python3.12/site-packages (4.67.1)
Requirement already satisfied: psutil in /home/jules/.pyenv/versions/3.12.12/lib/python3.12/site-packages (7.2.0)
Requirement already satisfied: scipy in /home/jules/.pyenv/versions/3.12.12/lib/python3.12/site-packages (1.16.3)
Requirement already satisfied: scikit-learn in /home/jules/.pyenv/versions/3.12.12/lib/python3.12/site-packages (1.8.0)
Requirement already satisfied: ffmpeg-python in /home/jules/.pyenv/versions/3.12.12/lib/python3.12/site-packages (0.2.0)
Requirement already satisfied: aiofiles<25.0,>=22.0 in /home/jules/.pyenv/versions/3.12.12/lib/python3.12/site-packages (from gradio) (24.1.0)
Requirement already satisfied: anyio<5.0,>=3.0 in /home/jules/.pyenv/versions/3.12.12/lib/python3.12/site-packages (from gradio) (4.12.0)
Requirement already satisfied: brotli>=1.1.0 in /home/jules/.pyenv/versions/3.12.12/lib/python3.12/site-packages (from gradio) (1.2.0)
Requirement already satisfied: fastapi<1.0,>=0.115.2 in /home/jules/.pyenv/versions/3.12.12/lib/python3.12/site-packages (from gradio) (0.127.0)
Requirement already satisfied: ffmpy in /home/jules/.pyenv/versions/3.12.12/lib/python3.12/site-packages (from gradio) (1.0.0)
Requirement already satisfied: gradio-client==2.0.2 in /home/jules/.pyenv/versions/3.12.12/lib/python3.12/site-packages (from gradio) (2.0.2)
Requirement already satisfied: groovy~=0.1 in /home/jules/.pyenv/versions/3.12.12/lib/python3.12/site-packages (from gradio) (0.1.2)
Requirement already satisfied: httpx<1.0,>=0.24.1 in /home/jules/.pyenv/versions/3.12.12/lib/python3.12/site-packages (from gradio) (0.28.1)
Requirement already satisfied: huggingface-hub<2.0,>=0.33.5 in /home/jules/.pyenv/versions/3.12.12/lib/python3.12/site-packages (from gradio) (1.2.3)
Requirement already satisfied: jinja2<4.0 in /home/jules/.pyenv/versions/3.12.12/lib/python3.12/site-packages (from gradio) (3.1.6)
Requirement already satisfied: markupsafe<4.0,>=2.0 in /home/jules/.pyenv/versions/3.12.12/lib/python3.12/site-packages (from gradio) (3.0.3)
Requirement already satisfied: orjson~=3.0 in /home/jules/.pyenv/versions/3.12.12/lib/python3.12/site-packages (from gradio) (3.11.5)
Requirement already satisfied: packaging in /home/jules/.pyenv/versions/3.12.12/lib/python3.12/site-packages (from gradio) (25.0)
Requirement already satisfied: pandas<3.0,>=1.0 in /home/jules/.pyenv/versions/3.12.12/lib/python3.12/site-packages (from gradio) (2.3.3)
Requirement already satisfied: pydantic<=3.0,>=2.0 in /home/jules/.pyenv/versions/3.12.12/lib/python3.12/site-packages (from gradio) (2.12.5)
Requirement already satisfied: pydub in /home/jules/.pyenv/versions/3.12.12/lib/python3.12/site-packages (from gradio) (0.25.1)
Requirement already satisfied: python-multipart>=0.0.18 in /home/jules/.pyenv/versions/3.12.12/lib/python3.12/site-packages (from gradio) (0.0.21)
Requirement already satisfied: pyyaml<7.0,>=5.0 in /home/jules/.pyenv/versions/3.12.12/lib/python3.12/site-packages (from gradio) (6.0.3)
Requirement already satisfied: safehttpx<0.2.0,>=0.1.7 in /home/jules/.pyenv/versions/3.12.12/lib/python3.12/site-packages (from gradio) (0.1.7)
Requirement already satisfied: semantic-version~=2.0 in /home/jules/.pyenv/versions/3.12.12/lib/python3.12/site-packages (from gradio) (2.10.0)
Requirement already satisfied: starlette<1.0,>=0.40.0 in /home/jules/.pyenv/versions/3.12.12/lib/python3.12/site-packages (from gradio) (0.50.0)
Requirement already satisfied: tomlkit<0.14.0,>=0.12.0 in /home/jules/.pyenv/versions/3.12.12/lib/python3.12/site-packages (from gradio) (0.13.3)
Requirement already satisfied: typer<1.0,>=0.12 in /home/jules/.pyenv/versions/3.12.12/lib/python3.12/site-packages (from gradio) (0.20.1)
Requirement already satisfied: typing-extensions~=4.0 in /home/jules/.pyenv/versions/3.12.12/lib/python3.12/site-packages (from gradio) (4.15.0)
Requirement already satisfied: uvicorn>=0.14.0 in /home/jules/.pyenv/versions/3.12.12/lib/python3.12/site-packages (from gradio) (0.40.0)
Requirement already satisfied: fsspec in /home/jules/.pyenv/versions/3.12.12/lib/python3.12/site-packages (from gradio-client==2.0.2->gradio) (2025.12.0)
Requirement already satisfied: idna>=2.8 in /home/jules/.pyenv/versions/3.12.12/lib/python3.12/site-packages (from anyio<5.0,>=3.0->gradio) (3.11)
Requirement already satisfied: annotated-doc>=0.0.2 in /home/jules/.pyenv/versions/3.12.12/lib/python3.12/site-packages (from fastapi<1.0,>=0.115.2->gradio) (0.0.4)
Requirement already satisfied: certifi in /home/jules/.pyenv/versions/3.12.12/lib/python3.12/site-packages (from httpx<1.0,>=0.24.1->gradio) (2025.11.12)
Requirement already satisfied: httpcore==1.* in /home/jules/.pyenv/versions/3.12.12/lib/python3.12/site-packages (from httpx<1.0,>=0.24.1->gradio) (1.0.9)
Requirement already satisfied: h11>=0.16 in /home/jules/.pyenv/versions/3.12.12/lib/python3.12/site-packages (from httpcore==1.*->httpx<1.0,>=0.24.1->gradio) (0.16.0)
Requirement already satisfied: filelock in /home/jules/.pyenv/versions/3.12.12/lib/python3.12/site-packages (from huggingface-hub<2.0,>=0.33.5->gradio) (3.20.1)
Requirement already satisfied: hf-xet<2.0.0,>=1.2.0 in /home/jules/.pyenv/versions/3.12.12/lib/python3.12/site-packages (from huggingface-hub<2.0,>=0.33.5->gradio) (1.2.0)
Requirement already satisfied: shellingham in /home/jules/.pyenv/versions/3.12.12/lib/python3.12/site-packages (from huggingface-hub<2.0,>=0.33.5->gradio) (1.5.4)
Requirement already satisfied: typer-slim in /home/jules/.pyenv/versions/3.12.12/lib/python3.12/site-packages (from huggingface-hub<2.0,>=0.33.5->gradio) (0.20.1)
Requirement already satisfied: python-dateutil>=2.8.2 in /home/jules/.pyenv/versions/3.12.12/lib/python3.12/site-packages (from pandas<3.0,>=1.0->gradio) (2.9.0.post0)
Requirement already satisfied: pytz>=2020.1 in /home/jules/.pyenv/versions/3.12.12/lib/python3.12/site-packages (from pandas<3.0,>=1.0->gradio) (2025.2)
Requirement already satisfied: tzdata>=2022.7 in /home/jules/.pyenv/versions/3.12.12/lib/python3.12/site-packages (from pandas<3.0,>=1.0->gradio) (2025.3)
Requirement already satisfied: annotated-types>=0.6.0 in /home/jules/.pyenv/versions/3.12.12/lib/python3.12/site-packages (from pydantic<=3.0,>=2.0->gradio) (0.7.0)
Requirement already satisfied: pydantic-core==2.41.5 in /home/jules/.pyenv/versions/3.12.12/lib/python3.12/site-packages (from pydantic<=3.0,>=2.0->gradio) (2.41.5)
Requirement already satisfied: typing-inspection>=0.4.2 in /home/jules/.pyenv/versions/3.12.12/lib/python3.12/site-packages (from pydantic<=3.0,>=2.0->gradio) (0.4.2)
Requirement already satisfied: click>=8.0.0 in /home/jules/.pyenv/versions/3.12.12/lib/python3.12/site-packages (from typer<1.0,>=0.12->gradio) (8.3.1)
Requirement already satisfied: rich>=10.11.0 in /home/jules/.pyenv/versions/3.12.12/lib/python3.12/site-packages (from typer<1.0,>=0.12->gradio) (14.2.0)
Requirement already satisfied: protobuf>=4.25.1 in /home/jules/.pyenv/versions/3.12.12/lib/python3.12/site-packages (from onnx) (6.33.2)
Requirement already satisfied: ml_dtypes>=0.5.0 in /home/jules/.pyenv/versions/3.12.12/lib/python3.12/site-packages (from onnx) (0.5.4)
Requirement already satisfied: coloredlogs in /home/jules/.pyenv/versions/3.12.12/lib/python3.12/site-packages (from onnxruntime-gpu) (15.0.1)
Requirement already satisfied: flatbuffers in /home/jules/.pyenv/versions/3.12.12/lib/python3.12/site-packages (from onnxruntime-gpu) (25.12.19)
Requirement already satisfied: sympy in /home/jules/.pyenv/versions/3.12.12/lib/python3.12/site-packages (from onnxruntime-gpu) (1.14.0)
Requirement already satisfied: setuptools in /home/jules/.pyenv/versions/3.12.12/lib/python3.12/site-packages (from torch) (80.9.0)
Requirement already satisfied: networkx>=2.5.1 in /home/jules/.pyenv/versions/3.12.12/lib/python3.12/site-packages (from torch) (3.6.1)
Requirement already satisfied: nvidia-cuda-nvrtc-cu12==12.8.93 in /home/jules/.pyenv/versions/3.12.12/lib/python3.12/site-packages (from torch) (12.8.93)
Requirement already satisfied: nvidia-cuda-runtime-cu12==12.8.90 in /home/jules/.pyenv/versions/3.12.12/lib/python3.12/site-packages (from torch) (12.8.90)
Requirement already satisfied: nvidia-cuda-cupti-cu12==12.8.90 in /home/jules/.pyenv/versions/3.12.12/lib/python3.12/site-packages (from torch) (12.8.90)
Requirement already satisfied: nvidia-cudnn-cu12==9.10.2.21 in /home/jules/.pyenv/versions/3.12.12/lib/python3.12/site-packages (from torch) (9.10.2.21)
Requirement already satisfied: nvidia-cublas-cu12==12.8.4.1 in /home/jules/.pyenv/versions/3.12.12/lib/python3.12/site-packages (from torch) (12.8.4.1)
Requirement already satisfied: nvidia-cufft-cu12==11.3.3.83 in /home/jules/.pyenv/versions/3.12.12/lib/python3.12/site-packages (from torch) (11.3.3.83)
Requirement already satisfied: nvidia-curand-cu12==10.3.9.90 in /home/jules/.pyenv/versions/3.12.12/lib/python3.12/site-packages (from torch) (10.3.9.90)
Requirement already satisfied: nvidia-cusolver-cu12==11.7.3.90 in /home/jules/.pyenv/versions/3.12.12/lib/python3.12/site-packages (from torch) (11.7.3.90)
Requirement already satisfied: nvidia-cusparse-cu12==12.5.8.93 in /home/jules/.pyenv/versions/3.12.12/lib/python3.12/site-packages (from torch) (12.5.8.93)
Requirement already satisfied: nvidia-cusparselt-cu12==0.7.1 in /home/jules/.pyenv/versions/3.12.12/lib/python3.12/site-packages (from torch) (0.7.1)
Requirement already satisfied: nvidia-nccl-cu12==2.27.5 in /home/jules/.pyenv/versions/3.12.12/lib/python3.12/site-packages (from torch) (2.27.5)
Requirement already satisfied: nvidia-nvshmem-cu12==3.3.20 in /home/jules/.pyenv/versions/3.12.12/lib/python3.12/site-packages (from torch) (3.3.20)
Requirement already satisfied: nvidia-nvtx-cu12==12.8.90 in /home/jules/.pyenv/versions/3.12.12/lib/python3.12/site-packages (from torch) (12.8.90)
Requirement already satisfied: nvidia-nvjitlink-cu12==12.8.93 in /home/jules/.pyenv/versions/3.12.12/lib/python3.12/site-packages (from torch) (12.8.93)
Requirement already satisfied: nvidia-cufile-cu12==1.13.1.3 in /home/jules/.pyenv/versions/3.12.12/lib/python3.12/site-packages (from torch) (1.13.1.3)
Requirement already satisfied: triton==3.5.1 in /home/jules/.pyenv/versions/3.12.12/lib/python3.12/site-packages (from torch) (3.5.1)
Requirement already satisfied: joblib>=1.3.0 in /home/jules/.pyenv/versions/3.12.12/lib/python3.12/site-packages (from scikit-learn) (1.5.3)
Requirement already satisfied: threadpoolctl>=3.2.0 in /home/jules/.pyenv/versions/3.12.12/lib/python3.12/site-packages (from scikit-learn) (3.6.0)
Requirement already satisfied: future in /home/jules/.pyenv/versions/3.12.12/lib/python3.12/site-packages (from ffmpeg-python) (1.0.0)
Requirement already satisfied: six>=1.5 in /home/jules/.pyenv/versions/3.12.12/lib/python3.12/site-packages (from python-dateutil>=2.8.2->pandas<3.0,>=1.0->gradio) (1.17.0)
Requirement already satisfied: markdown-it-py>=2.2.0 in /home/jules/.pyenv/versions/3.12.12/lib/python3.12/site-packages (from rich>=10.11.0->typer<1.0,>=0.12->gradio) (4.0.0)
Requirement already satisfied: pygments<3.0.0,>=2.13.0 in /home/jules/.pyenv/versions/3.12.12/lib/python3.12/site-packages (from rich>=10.11.0->typer<1.0,>=0.12->gradio) (2.19.2)
Requirement already satisfied: mdurl~=0.1 in /home/jules/.pyenv/versions/3.12.12/lib/python3.12/site-packages (from markdown-it-py>=2.2.0->rich>=10.11.0->typer<1.0,>=0.12->gradio) (0.1.2)
Requirement already satisfied: mpmath<1.4,>=1.1.0 in /home/jules/.pyenv/versions/3.12.12/lib/python3.12/site-packages (from sympy->onnxruntime-gpu) (1.3.0)
Requirement already satisfied: humanfriendly>=9.1 in /home/jules/.pyenv/versions/3.12.12/lib/python3.12/site-packages (from coloredlogs->onnxruntime-gpu) (10.0)
